Torque Exporter 0.97 Beta3 
 Using blender, version 249
 Exporting...
   ****************************************************************************
   Warning: Multiple Blender mesh names in Detail1 all reduce to the same DTS
    Object name: "Cylinder"
     The exporter will use the original names for these meshes and any nodes
     generated from them.  This may result in duplicate or unneccesary nodes,
     extra animation tracks, and inefficent mesh packing in the exported dts
     file.
       Changed dts object and node name for Blender mesh "Cylinder.001"
         from "Cylinder" to "Cylinder.001".
       Changed dts object and node name for Blender mesh "Cylinder.008"
         from "Cylinder" to "Cylinder.008".
       Changed dts object and node name for Blender mesh "Cylinder.007"
         from "Cylinder" to "Cylinder.007".
       Changed dts object and node name for Blender mesh "Cylinder.005"
         from "Cylinder" to "Cylinder.005".
   ****************************************************************************

 Writing shape to  '/home/mike/current/rotc/rotc-ethernet/ethernet/data/weapons/chaingun/image.red.dts'.
 Processing...
    Loading sequence 'fire'...
       Frames: 6 
       Animates: loc 
    Loaded sequence 'fire'.
    Loading sequence 'idle'...
       Frames: 5 
    Loaded sequence 'idle'.
    Loading sequence 'spin'...
       Frames: 31 
       Animates: rot 
       Note: Duplicate frames removed,  (was 31,  now 30)
    Loaded sequence 'spin'.
 > Shape Details
    > Nodes
      ^^ Bone [Exp-Catch-Root] (parent -1)
      ^^ Bone [Cube] (parent -1)
      ^^ Bone [Cylinder.001] (parent -1)
      ^^ Bone [Cylinder.005] (parent -1)
      ^^ Bone [Cylinder.007] (parent -1)
      ^^ Bone [Cylinder.008] (parent -1)
      ^^ Bone [MountPoint] (parent -1)
      ^^ Bone [MuzzleFlashVisibility] (parent -1)
      ^^ Bone [MuzzlePoint] (parent -1)
      ^^ Bone [RetractionPoint] (parent -1)
      ^^ Bone [fireparticles] (parent -1)
    > Objects
     'Cube' : Standard 
     'Cylinder.001' : Standard 
     'Cylinder.005' : Standard 
     'Cylinder.007' : Standard 
     'Cylinder.008' : Standard 
    > Materials
       image
    > Detail Levels
       Detail-1 (size : 1)
       Smallest : Detail-1 (size : 1)
    > Internal Sequences
     - fire
        Animates: loc 
        Frames: 6
        Ground Frames: 0
        Triggers: 0
     - idle
        Animates: 
        Frames: 5
        Ground Frames: 0
        Triggers: 0
     - spin
        Animates: rot 
        Frames: 30
        Ground Frames: 0
        Triggers: 0
 Writing out DTS...
 Done.
 Finished.
 